<?xml version="1.0" encoding="UTF-8"?>
<testng-results ignored="1" total="3" passed="2" failed="0" skipped="0">
  <reporter-output>
  </reporter-output>
  <suite started-at="2021-09-07T06:47:47Z" name="Time test Suite" finished-at="2021-09-07T06:47:48Z" duration-ms="36">
    <groups>
      <group name="include-group">
        <method signature="GroupTest.testMethodOne()[pri:0, instance:com.itvdn.GroupTest@37574691]" name="testMethodOne" class="com.itvdn.GroupTest"/>
        <method signature="GroupTest.testMethodTwo()[pri:0, instance:com.itvdn.GroupTest@37574691]" name="testMethodTwo" class="com.itvdn.GroupTest"/>
      </group> <!-- include-group -->
    </groups>
    <test started-at="2021-09-07T06:47:47Z" name="Group Test" finished-at="2021-09-07T06:47:48Z" duration-ms="36">
      <class name="com.itvdn.GroupTest">
        <test-method is-config="true" signature="beforeSuite()[pri:0, instance:com.itvdn.GroupTest@37574691]" started-at="2021-09-07T06:47:47Z" name="beforeSuite" finished-at="2021-09-07T06:47:47Z" duration-ms="20" status="PASS">
          <reporter-output>
          </reporter-output>
        </test-method> <!-- beforeSuite -->
        <test-method is-config="true" signature="beforeGroups()[pri:0, instance:com.itvdn.GroupTest@37574691]" started-at="2021-09-07T06:47:48Z" name="beforeGroups" finished-at="2021-09-07T06:47:48Z" duration-ms="0" status="PASS">
          <reporter-output>
          </reporter-output>
        </test-method> <!-- beforeGroups -->
        <test-method signature="testMethodOne()[pri:0, instance:com.itvdn.GroupTest@37574691]" started-at="2021-09-07T06:47:48Z" name="testMethodOne" finished-at="2021-09-07T06:47:48Z" duration-ms="2" status="PASS">
          <reporter-output>
          </reporter-output>
        </test-method> <!-- testMethodOne -->
        <test-method signature="testMethodTwo()[pri:0, instance:com.itvdn.GroupTest@37574691]" started-at="2021-09-07T06:47:48Z" name="testMethodTwo" finished-at="2021-09-07T06:47:48Z" duration-ms="0" status="PASS">
          <reporter-output>
          </reporter-output>
        </test-method> <!-- testMethodTwo -->
        <test-method is-config="true" signature="afterGroups()[pri:0, instance:com.itvdn.GroupTest@37574691]" started-at="2021-09-07T06:47:48Z" name="afterGroups" finished-at="2021-09-07T06:47:48Z" duration-ms="0" status="PASS">
          <reporter-output>
          </reporter-output>
        </test-method> <!-- afterGroups -->
      </class> <!-- com.itvdn.GroupTest -->
    </test> <!-- Group Test -->
  </suite> <!-- Time test Suite -->
</testng-results>
