<?xml version="1.0" encoding="UTF-8"?>
<!-- Generated by org.testng.reporters.JUnitXMLReporter -->
<testsuite ignored="1" hostname="user" failures="0" tests="2" name="Group Test" time="0.036" errors="0" timestamp="07 сент. 2021 06:47:48 GMT">
  <testcase classname="com.itvdn.GroupTest" name="testMethodOne" time="0.002"/>
  <testcase classname="com.itvdn.GroupTest" name="testMethodTwo" time="0.0"/>
  <testcase classname="com.itvdn.GroupTest" name="testMethodThree" time="0.0">
    <ignored/>
  </testcase> <!-- testMethodThree -->
</testsuite> <!-- Group Test -->
